<?xml version="1.0" encoding="UTF-8"?>
<!-- Generated by org.testng.reporters.JUnitReportReporter -->
<testsuite hostname="sunlu-PC" name="Test.TestCase.TestCase1" tests="1" failures="0" timestamp="4 Nov 2014 07:06:28 GMT" time="4.852" errors="0">
  <testcase name="regAccount" time="4.852" classname="Test.TestCase.TestCase1"/>
</testsuite> <!-- Test.TestCase.TestCase1 -->
