<?xml version="1.0" encoding="UTF-8"?>
<!-- Generated by org.testng.reporters.JUnitReportReporter -->
<testsuite hostname="sunlu-PC" name="Test.TestCase.Practicethree.Practice1OnTestng" tests="1" failures="0" timestamp="7 Nov 2014 05:32:43 GMT" time="0.007" errors="0">
  <testcase name="test" time="0.007" classname="Test.TestCase.Practicethree.Practice1OnTestng"/>
</testsuite> <!-- Test.TestCase.Practicethree.Practice1OnTestng -->
