<?xml version="1.0" encoding="UTF-8"?>
<!-- Generated by org.testng.reporters.JUnitReportReporter -->
<testsuite hostname="sunlu-PC" name="Test.TestCase.Practicethree.Practice7OnTestng" tests="1" failures="0" timestamp="13 Nov 2014 08:03:38 GMT" time="21.726" errors="0">
  <testcase name="testMultipleWindows" time="21.726" classname="Test.TestCase.Practicethree.Practice7OnTestng"/>
</testsuite> <!-- Test.TestCase.Practicethree.Practice7OnTestng -->
