<?xml version="1.0" encoding="UTF-8"?>
<!-- Generated by org.testng.reporters.JUnitReportReporter -->
<testsuite hostname="sunlu-PC" name="Test.TestCase.Practicetwo.groups.Practice3OnTestng" tests="2" failures="0" timestamp="7 Nov 2014 06:27:04 GMT" time="11.935" errors="0">
  <testcase name="test3" time="6.094" classname="Test.TestCase.Practicetwo.groups.Practice3OnTestng"/>
  <testcase name="test4" time="5.841" classname="Test.TestCase.Practicetwo.groups.Practice3OnTestng"/>
</testsuite> <!-- Test.TestCase.Practicetwo.groups.Practice3OnTestng -->
