<?xml version="1.0" encoding="UTF-8"?>
<!-- Generated by org.testng.reporters.JUnitReportReporter -->
<testsuite hostname="sunlu-PC" name="Test.TestCase.Practicethree.Practice2OnTestng" tests="2" failures="0" timestamp="13 Nov 2014 09:31:19 GMT" time="24.855" errors="0">
  <testcase name="contextClickTest" time="8.911" classname="Test.TestCase.Practicethree.Practice2OnTestng"/>
  <testcase name="loginTest" time="15.944" classname="Test.TestCase.Practicethree.Practice2OnTestng"/>
</testsuite> <!-- Test.TestCase.Practicethree.Practice2OnTestng -->
