<?xml version="1.0" encoding="UTF-8"?>
<!-- Generated by org.testng.reporters.JUnitReportReporter -->
<testsuite hostname="sunlu-PC" name="Test.TestCase.Practicetwo.LaunchFF" tests="1" failures="0" timestamp="6 Nov 2014 08:32:15 GMT" time="31.805" errors="0">
  <testcase name="searchOnBaidu" time="31.805" classname="Test.TestCase.Practicetwo.LaunchFF"/>
</testsuite> <!-- Test.TestCase.Practicetwo.LaunchFF -->
