<?xml version="1.0" encoding="UTF-8"?>
<!-- Generated by org.testng.reporters.JUnitReportReporter -->
<testsuite hostname="sunlu-PC" name="Test.TestCase.Practicetwo.LaunchChrome" tests="1" failures="0" timestamp="6 Nov 2014 08:34:50 GMT" time="29.516" errors="0">
  <testcase name="serchOnBaidu" time="29.516" classname="Test.TestCase.Practicetwo.LaunchChrome"/>
</testsuite> <!-- Test.TestCase.Practicetwo.LaunchChrome -->
