<?xml version="1.0" encoding="UTF-8"?>
<!-- Generated by org.testng.reporters.JUnitReportReporter -->
<testsuite hostname="sunlu-PC" name="Test.TestCase.Practicethree.Practice6OnTestng" tests="1" failures="0" timestamp="13 Nov 2014 06:06:50 GMT" time="1.572" errors="0">
  <testcase name="testSilder" time="1.572" classname="Test.TestCase.Practicethree.Practice6OnTestng"/>
</testsuite> <!-- Test.TestCase.Practicethree.Practice6OnTestng -->
