<?xml version="1.0" encoding="UTF-8"?>
<!-- Generated by org.testng.reporters.JUnitReportReporter -->
<testsuite hostname="sunlu-PC" name="Test.TestCase.Practiceone.Practice1OnTestng" tests="1" failures="0" timestamp="6 Nov 2014 02:38:21 GMT" time="0.003" errors="0">
  <testcase name="test1" time="0.003" classname="Test.TestCase.Practiceone.Practice1OnTestng"/>
</testsuite> <!-- Test.TestCase.Practiceone.Practice1OnTestng -->
