<?xml version="1.0" encoding="UTF-8"?>
<!-- Generated by org.testng.reporters.JUnitReportReporter -->
<testsuite hostname="sunlu-PC" name="Test.TestCase.Practiceone.Practice2OnTestng" tests="2" failures="0" timestamp="6 Nov 2014 02:38:21 GMT" time="0.001" errors="0">
  <testcase name="test3" time="0.001" classname="Test.TestCase.Practiceone.Practice2OnTestng"/>
  <testcase name="test4" time="0.000" classname="Test.TestCase.Practiceone.Practice2OnTestng"/>
</testsuite> <!-- Test.TestCase.Practiceone.Practice2OnTestng -->
