<?xml version="1.0" encoding="UTF-8"?>
<!-- Generated by org.testng.reporters.JUnitReportReporter -->
<testsuite hostname="sunlu-PC" name="Test.TestCase.LaunchBrowser.TestBrowsers" tests="1" failures="0" timestamp="6 Nov 2014 08:40:18 GMT" time="24.235" errors="0">
  <testcase name="serchOnBaidu" time="24.235" classname="Test.TestCase.LaunchBrowser.TestBrowsers"/>
</testsuite> <!-- Test.TestCase.LaunchBrowser.TestBrowsers -->
