<?xml version="1.0" encoding="UTF-8"?>
<!-- Generated by org.testng.reporters.JUnitReportReporter -->
<testsuite hostname="sunlu-PC" name="Test.TestCase.Practicetwo.LaunchIE" tests="1" failures="0" timestamp="6 Nov 2014 08:33:54 GMT" time="75.547" errors="0">
  <testcase name="searchOnBaidu" time="75.547" classname="Test.TestCase.Practicetwo.LaunchIE"/>
</testsuite> <!-- Test.TestCase.Practicetwo.LaunchIE -->
